{"numFailedTestSuites":0,"numFailedTests":0,"numPassedTestSuites":1,"numPassedTests":9,"numPendingTestSuites":0,"numPendingTests":0,"numRuntimeErrorTestSuites":0,"numTodoTests":0,"numTotalTestSuites":1,"numTotalTests":9,"openHandles":[],"snapshot":{"added":0,"didUpdate":false,"failure":false,"filesAdded":0,"filesRemoved":0,"filesRemovedList":[],"filesUnmatched":0,"filesUpdated":0,"matched":0,"total":0,"unchecked":0,"uncheckedKeysByFile":[],"unmatched":0,"updated":0},"startTime":1787908468196,"success":true,"testResults":[{"assertionResults":[{"ancestorTitles":["Unit Tests - Validation Schemas & Business Logic","Category Schema Validation"],"duration":3,"failing":false,"failureDetails":[],"failureMessages":[],"fullName":"Unit Tests - Validation Schemas & Business Logic Category Schema Validation should validate a valid category payload","invocations":1,"location":null,"numPassingAsserts":1,"retryReasons":[],"startAt":1787908470699,"status":"passed","title":"should validate a valid category payload"},{"ancestorTitles":["Unit Tests - Validation Schemas & Business Logic","Category Schema Validation"],"duration":1,"failing":false,"failureDetails":[],"failureMessages":[],"fullName":"Unit Tests - Validation Schemas & Business Logic Category Schema Validation should reject a category payload missing required name","invocations":1,"location":null,"numPassingAsserts":1,"retryReasons":[],"startAt":1787908470703,"status":"passed","title":"should reject a category payload missing required name"},{"ancestorTitles":["Unit Tests - Validation Schemas & Business Logic","Category Schema Validation"],"duration":0,"failing":false,"failureDetails":[],"failureMessages":[],"fullName":"Unit Tests - Validation Schemas & Business Logic Category Schema Validation should reject an empty string for category name","invocations":1,"location":null,"numPassingAsserts":1,"retryReasons":[],"startAt":1787908470704,"status":"passed","title":"should reject an empty string for category name"},{"ancestorTitles":["Unit Tests - Validation Schemas & Business Logic","SubCategory Schema Validation"],"duration":1,"failing":false,"failureDetails":[],"failureMessages":[],"fullName":"Unit Tests - Validation Schemas & Business Logic SubCategory Schema Validation should validate a valid subcategory payload","invocations":1,"location":null,"numPassingAsserts":1,"retryReasons":[],"startAt":1787908470704,"status":"passed","title":"should validate a valid subcategory payload"},{"ancestorTitles":["Unit Tests - Validation Schemas & Business Logic","SubCategory Schema Validation"],"duration":0,"failing":false,"failureDetails":[],"failureMessages":[],"fullName":"Unit Tests - Validation Schemas & Business Logic SubCategory Schema Validation should reject a subcategory without categoryId","invocations":1,"location":null,"numPassingAsserts":1,"retryReasons":[],"startAt":1787908470705,"status":"passed","title":"should reject a subcategory without categoryId"},{"ancestorTitles":["Unit Tests - Validation Schemas & Business Logic","Tile Product Schema Validation"],"duration":0,"failing":false,"failureDetails":[],"failureMessages":[],"fullName":"Unit Tests - Validation Schemas & Business Logic Tile Product Schema Validation should validate a valid tile product payload","invocations":1,"location":null,"numPassingAsserts":1,"retryReasons":[],"startAt":1787908470706,"status":"passed","title":"should validate a valid tile product payload"},{"ancestorTitles":["Unit Tests - Validation Schemas & Business Logic","Tile Product Schema Validation"],"duration":1,"failing":false,"failureDetails":[],"failureMessages":[],"fullName":"Unit Tests - Validation Schemas & Business Logic Tile Product Schema Validation should fail when tile name is missing or empty","invocations":1,"location":null,"numPassingAsserts":1,"retryReasons":[],"startAt":1787908470706,"status":"passed","title":"should fail when tile name is missing or empty"},{"ancestorTitles":["Unit Tests - Validation Schemas & Business Logic","Enquiry Schema Validation"],"duration":1,"failing":false,"failureDetails":[],"failureMessages":[],"fullName":"Unit Tests - Validation Schemas & Business Logic Enquiry Schema Validation should validate a valid customer enquiry","invocations":1,"location":null,"numPassingAsserts":1,"retryReasons":[],"startAt":1787908470707,"status":"passed","title":"should validate a valid customer enquiry"},{"ancestorTitles":["Unit Tests - Validation Schemas & Business Logic","Enquiry Schema Validation"],"duration":0,"failing":false,"failureDetails":[],"failureMessages":[],"fullName":"Unit Tests - Validation Schemas & Business Logic Enquiry Schema Validation should reject enquiry with short customer name","invocations":1,"location":null,"numPassingAsserts":1,"retryReasons":[],"startAt":1787908470708,"status":"passed","title":"should reject enquiry with short customer name"}],"endTime":1787908470709,"message":"","name":"D:\\Tiles\\test\\vitest\\Scripts\\unit.test.ts","startTime":1787908468400,"status":"passed","summary":""}],"wasInterrupted":false}
